ConstantsModules.f90 
FFT_routines.f90 
ParamModules.f90 
AntFuncCnst.f90 
AntFunct.f90 
InterferomPars.f90 
 PredefTrack.f90 
 MappingUtilitiesModules.f90 
 CalibrationsMod.f90 
 System_Utilities.f90  
 GLEplotUtil.f90 
 LOFLI_InputHandling.f90 
 HDF5_LOFAR_Read.f90 
 MappingUtilities.f90 
 Ant-Read.f90 
 CrossCorr.f90 
 FindCallibr.f90 
 MGMR3D_spline.f90 
 FitParams.f90 
 nl2sol.f90 
 Fitter_CorrMax.f90 
 FindSources.f90 
 SourceTryal.f90 
 ExplorationOption.f90 
 CurtainPlotOption.f90 
 ImpulsImagOption.f90 
 InterferometryOptSbRtns.f90 
 InterferometryOption.f90 
 EIOption.f90 
 EICallRtns.f90 
 EIFitter.f90 
 ECallibrOption.f90 
 PeakInterferoOption.f90 

